<?xml version="1.0" encoding="UTF-8"?>
<!-- Generated by org.testng.reporters.JUnitReportReporter -->
<testsuite hostname="LAPTOP-FPAGRC4V" failures="0" tests="1" name="testcases.orangeHrm" time="23.700" errors="0" timestamp="05 May 2023 13:55:20 GMT" skipped="0">
  <testcase classname="testcases.orangeHrm" name="OrangeHRM" time="23.700"/>
</testsuite> <!-- testcases.orangeHrm -->
